# JRE version: OpenJDK Runtime Environment (11.0.15) (build 11.0.15+0-b2043.56-9505619)
# Java VM: OpenJDK 64-Bit Server VM (11.0.15+0-b2043.56-9505619, mixed mode, tiered, compressed oops, g1 gc, windows-amd64)
Heap:
 garbage-first heap   total 260096K, used 139149K [0x0000000080000000, 0x0000000100000000)
  region size 1024K, 25 young (25600K), 5 survivors (5120K)
 Metaspace       used 110584K, capacity 114055K, committed 114344K, reserved 1148928K
  class space    used 14019K, capacity 15322K, committed 15396K, reserved 1048576K
GC Heap History (20 events):
Event: 11.541 GC heap before
{Heap before GC invocations=10 (full 0):
 garbage-first heap   total 260096K, used 186848K [0x0000000080000000, 0x0000000100000000)
  region size 1024K, 152 young (155648K), 17 survivors (17408K)
 Metaspace       used 65181K, capacity 66719K, committed 66972K, reserved 1107968K
  class space    used 8279K, capacity 8919K, committed 8984K, reserved 1048576K
}
Event: 11.565 GC heap after
{Heap after GC invocations=11 (full 0):
 garbage-first heap   total 260096K, used 51327K [0x0000000080000000, 0x0000000100000000)
  region size 1024K, 19 young (19456K), 19 survivors (19456K)
 Metaspace       used 65181K, capacity 66719K, committed 66972K, reserved 1107968K
  class space    used 8279K, capacity 8919K, committed 8984K, reserved 1048576K
}
Event: 14.012 GC heap before
{Heap before GC invocations=11 (full 0):
 garbage-first heap   total 260096K, used 182399K [0x0000000080000000, 0x0000000100000000)
  region size 1024K, 148 young (151552K), 19 survivors (19456K)
 Metaspace       used 76639K, capacity 78454K, committed 78556K, reserved 1118208K
  class space    used 10052K, capacity 10792K, committed 10840K, reserved 1048576K
}
Event: 14.070 GC heap after
{Heap after GC invocations=12 (full 0):
 garbage-first heap   total 260096K, used 59967K [0x0000000080000000, 0x0000000100000000)
  region size 1024K, 9 young (9216K), 9 survivors (9216K)
 Metaspace       used 76639K, capacity 78454K, committed 78556K, reserved 1118208K
  class space    used 10052K, capacity 10792K, committed 10840K, reserved 1048576K
}
Event: 16.536 GC heap before
{Heap before GC invocations=13 (full 0):
 garbage-first heap   total 260096K, used 193087K [0x0000000080000000, 0x0000000100000000)
  region size 1024K, 139 young (142336K), 9 survivors (9216K)
 Metaspace       used 82510K, capacity 84772K, committed 84904K, reserved 1122304K
  class space    used 10866K, capacity 11721K, committed 11812K, reserved 1048576K
}
Event: 16.549 GC heap after
{Heap after GC invocations=14 (full 0):
 garbage-first heap   total 260096K, used 73707K [0x0000000080000000, 0x0000000100000000)
  region size 1024K, 18 young (18432K), 18 survivors (18432K)
 Metaspace       used 82510K, capacity 84772K, committed 84904K, reserved 1122304K
  class space    used 10866K, capacity 11721K, committed 11812K, reserved 1048576K
}
Event: 18.159 GC heap before
{Heap before GC invocations=14 (full 0):
 garbage-first heap   total 260096K, used 194539K [0x0000000080000000, 0x0000000100000000)
  region size 1024K, 137 young (140288K), 18 survivors (18432K)
 Metaspace       used 85035K, capacity 87668K, committed 87976K, reserved 1124352K
  class space    used 11230K, capacity 12231K, committed 12324K, reserved 1048576K
}
Event: 18.191 GC heap after
{Heap after GC invocations=15 (full 0):
 garbage-first heap   total 260096K, used 84430K [0x0000000080000000, 0x0000000100000000)
  region size 1024K, 10 young (10240K), 10 survivors (10240K)
 Metaspace       used 85035K, capacity 87668K, committed 87976K, reserved 1124352K
  class space    used 11230K, capacity 12231K, committed 12324K, reserved 1048576K
}
Event: 19.372 GC heap before
{Heap before GC invocations=15 (full 0):
 garbage-first heap   total 260096K, used 201166K [0x0000000080000000, 0x0000000100000000)
  region size 1024K, 123 young (125952K), 10 survivors (10240K)
 Metaspace       used 86514K, capacity 89179K, committed 89256K, reserved 1126400K
  class space    used 11308K, capacity 12308K, committed 12324K, reserved 1048576K
}
Event: 19.387 GC heap after
{Heap after GC invocations=16 (full 0):
 garbage-first heap   total 260096K, used 90010K [0x0000000080000000, 0x0000000100000000)
  region size 1024K, 16 young (16384K), 16 survivors (16384K)
 Metaspace       used 86514K, capacity 89179K, committed 89256K, reserved 1126400K
  class space    used 11308K, capacity 12308K, committed 12324K, reserved 1048576K
}
Event: 634.543 GC heap before
{Heap before GC invocations=16 (full 0):
 garbage-first heap   total 260096K, used 201626K [0x0000000080000000, 0x0000000100000000)
  region size 1024K, 126 young (129024K), 16 survivors (16384K)
 Metaspace       used 88245K, capacity 91161K, committed 91304K, reserved 1128448K
  class space    used 11424K, capacity 12495K, committed 12580K, reserved 1048576K
}
Event: 634.560 GC heap after
{Heap after GC invocations=17 (full 0):
 garbage-first heap   total 260096K, used 98177K [0x0000000080000000, 0x0000000100000000)
  region size 1024K, 16 young (16384K), 16 survivors (16384K)
 Metaspace       used 88245K, capacity 91161K, committed 91304K, reserved 1128448K
  class space    used 11424K, capacity 12495K, committed 12580K, reserved 1048576K
}
Event: 2133.646 GC heap before
{Heap before GC invocations=17 (full 0):
 garbage-first heap   total 260096K, used 206721K [0x0000000080000000, 0x0000000100000000)
  region size 1024K, 121 young (123904K), 16 survivors (16384K)
 Metaspace       used 91324K, capacity 94297K, committed 94504K, reserved 1130496K
  class space    used 11779K, capacity 12886K, committed 12964K, reserved 1048576K
}
Event: 2133.657 GC heap after
{Heap after GC invocations=18 (full 0):
 garbage-first heap   total 260096K, used 104577K [0x0000000080000000, 0x0000000100000000)
  region size 1024K, 15 young (15360K), 15 survivors (15360K)
 Metaspace       used 91324K, capacity 94297K, committed 94504K, reserved 1130496K
  class space    used 11779K, capacity 12886K, committed 12964K, reserved 1048576K
}
Event: 2134.780 GC heap before
{Heap before GC invocations=18 (full 0):
 garbage-first heap   total 260096K, used 220289K [0x0000000080000000, 0x0000000100000000)
  region size 1024K, 112 young (114688K), 15 survivors (15360K)
 Metaspace       used 96794K, capacity 99916K, committed 100008K, reserved 1136640K
  class space    used 12412K, capacity 13600K, committed 13604K, reserved 1048576K
}
Event: 2134.787 GC heap after
{Heap after GC invocations=19 (full 0):
 garbage-first heap   total 260096K, used 101676K [0x0000000080000000, 0x0000000100000000)
  region size 1024K, 5 young (5120K), 5 survivors (5120K)
 Metaspace       used 96794K, capacity 99916K, committed 100008K, reserved 1136640K
  class space    used 12412K, capacity 13600K, committed 13604K, reserved 1048576K
}
Event: 2137.547 GC heap before
{Heap before GC invocations=19 (full 0):
 garbage-first heap   total 260096K, used 207148K [0x0000000080000000, 0x0000000100000000)
  region size 1024K, 109 young (111616K), 5 survivors (5120K)
 Metaspace       used 100264K, capacity 103389K, committed 103592K, reserved 1138688K
  class space    used 12811K, capacity 14011K, committed 14116K, reserved 1048576K
}
Event: 2137.554 GC heap after
{Heap after GC invocations=20 (full 0):
 garbage-first heap   total 260096K, used 107827K [0x0000000080000000, 0x0000000100000000)
  region size 1024K, 11 young (11264K), 11 survivors (11264K)
 Metaspace       used 100264K, capacity 103389K, committed 103592K, reserved 1138688K
  class space    used 12811K, capacity 14011K, committed 14116K, reserved 1048576K
}
Event: 2139.741 GC heap before
{Heap before GC invocations=20 (full 0):
 garbage-first heap   total 260096K, used 209203K [0x0000000080000000, 0x0000000100000000)
  region size 1024K, 109 young (111616K), 11 survivors (11264K)
 Metaspace       used 109131K, capacity 112548K, committed 112680K, reserved 1146880K
  class space    used 13879K, capacity 15143K, committed 15268K, reserved 1048576K
}
Event: 2139.749 GC heap after
{Heap after GC invocations=21 (full 0):
 garbage-first heap   total 260096K, used 113549K [0x0000000080000000, 0x0000000100000000)
  region size 1024K, 5 young (5120K), 5 survivors (5120K)
 Metaspace       used 109131K, capacity 112548K, committed 112680K, reserved 1146880K
  class space    used 13879K, capacity 15143K, committed 15268K, reserved 1048576K
}

