# JRE version: OpenJDK Runtime Environment (11.0.15) (build 11.0.15+0-b2043.56-9505619)
# Java VM: OpenJDK 64-Bit Server VM (11.0.15+0-b2043.56-9505619, mixed mode, tiered, compressed oops, g1 gc, windows-amd64)
Heap:
 garbage-first heap   total 312320K, used 195613K [0x0000000080000000, 0x0000000100000000)
  region size 1024K, 4 young (4096K), 4 survivors (4096K)
 Metaspace       used 135214K, capacity 139004K, committed 145012K, reserved 1173504K
  class space    used 17257K, capacity 18739K, committed 21092K, reserved 1048576K
GC Heap History (20 events):
Event: 19.725 GC heap after
{Heap after GC invocations=19 (full 0):
 garbage-first heap   total 260096K, used 125093K [0x0000000080000000, 0x0000000100000000)
  region size 1024K, 13 young (13312K), 13 survivors (13312K)
 Metaspace       used 123216K, capacity 128441K, committed 128644K, reserved 1159168K
  class space    used 16455K, capacity 18649K, committed 18712K, reserved 1048576K
}
Event: 19.739 GC heap before
{Heap before GC invocations=19 (full 0):
 garbage-first heap   total 260096K, used 126117K [0x0000000080000000, 0x0000000100000000)
  region size 1024K, 15 young (15360K), 13 survivors (13312K)
 Metaspace       used 123432K, capacity 128640K, committed 128860K, reserved 1159168K
  class space    used 16503K, capacity 18678K, committed 18712K, reserved 1048576K
}
Event: 19.748 GC heap after
{Heap after GC invocations=20 (full 0):
 garbage-first heap   total 260096K, used 126671K [0x0000000080000000, 0x0000000100000000)
  region size 1024K, 2 young (2048K), 2 survivors (2048K)
 Metaspace       used 123432K, capacity 128640K, committed 128860K, reserved 1159168K
  class space    used 16503K, capacity 18678K, committed 18712K, reserved 1048576K
}
Event: 20.170 GC heap before
{Heap before GC invocations=21 (full 0):
 garbage-first heap   total 260096K, used 173775K [0x0000000080000000, 0x0000000100000000)
  region size 1024K, 49 young (50176K), 2 survivors (2048K)
 Metaspace       used 127922K, capacity 133755K, committed 133876K, reserved 1163264K
  class space    used 17248K, capacity 19660K, committed 19684K, reserved 1048576K
}
Event: 20.176 GC heap after
{Heap after GC invocations=22 (full 0):
 garbage-first heap   total 260096K, used 128276K [0x0000000080000000, 0x0000000100000000)
  region size 1024K, 4 young (4096K), 4 survivors (4096K)
 Metaspace       used 127922K, capacity 133755K, committed 133876K, reserved 1163264K
  class space    used 17248K, capacity 19660K, committed 19684K, reserved 1048576K
}
Event: 20.585 GC heap before
{Heap before GC invocations=23 (full 0):
 garbage-first heap   total 260096K, used 166164K [0x0000000080000000, 0x0000000100000000)
  region size 1024K, 45 young (46080K), 4 survivors (4096K)
 Metaspace       used 128569K, capacity 133375K, committed 136948K, reserved 1167360K
  class space    used 16833K, capacity 18699K, committed 20196K, reserved 1048576K
}
Event: 20.590 GC heap after
{Heap after GC invocations=24 (full 0):
 garbage-first heap   total 260096K, used 125930K [0x0000000080000000, 0x0000000100000000)
  region size 1024K, 3 young (3072K), 3 survivors (3072K)
 Metaspace       used 128569K, capacity 133375K, committed 136948K, reserved 1167360K
  class space    used 16833K, capacity 18699K, committed 20196K, reserved 1048576K
}
Event: 20.759 GC heap before
{Heap before GC invocations=25 (full 0):
 garbage-first heap   total 260096K, used 133098K [0x0000000080000000, 0x0000000100000000)
  region size 1024K, 11 young (11264K), 3 survivors (3072K)
 Metaspace       used 129569K, capacity 134435K, committed 137716K, reserved 1167360K
  class space    used 16937K, capacity 18784K, committed 20196K, reserved 1048576K
}
Event: 20.765 GC heap after
{Heap after GC invocations=26 (full 0):
 garbage-first heap   total 260096K, used 124897K [0x0000000080000000, 0x0000000100000000)
  region size 1024K, 2 young (2048K), 2 survivors (2048K)
 Metaspace       used 129569K, capacity 134435K, committed 137716K, reserved 1167360K
  class space    used 16937K, capacity 18784K, committed 20196K, reserved 1048576K
}
Event: 20.967 GC heap before
{Heap before GC invocations=27 (full 0):
 garbage-first heap   total 260096K, used 184289K [0x0000000080000000, 0x0000000100000000)
  region size 1024K, 39 young (39936K), 2 survivors (2048K)
 Metaspace       used 131611K, capacity 136488K, committed 139764K, reserved 1169408K
  class space    used 17170K, capacity 19034K, committed 20452K, reserved 1048576K
}
Event: 21.008 GC heap after
{Heap after GC invocations=28 (full 0):
 garbage-first heap   total 260096K, used 151100K [0x0000000080000000, 0x0000000100000000)
  region size 1024K, 9 young (9216K), 9 survivors (9216K)
 Metaspace       used 131611K, capacity 136488K, committed 139764K, reserved 1169408K
  class space    used 17170K, capacity 19034K, committed 20452K, reserved 1048576K
}
Event: 21.338 GC heap before
{Heap before GC invocations=29 (full 0):
 garbage-first heap   total 260096K, used 198204K [0x0000000080000000, 0x0000000100000000)
  region size 1024K, 54 young (55296K), 9 survivors (9216K)
 Metaspace       used 134591K, capacity 139534K, committed 142452K, reserved 1171456K
  class space    used 17565K, capacity 19519K, committed 20836K, reserved 1048576K
}
Event: 21.357 GC heap after
{Heap after GC invocations=30 (full 0):
 garbage-first heap   total 260096K, used 170887K [0x0000000080000000, 0x0000000100000000)
  region size 1024K, 7 young (7168K), 7 survivors (7168K)
 Metaspace       used 134591K, capacity 139534K, committed 142452K, reserved 1171456K
  class space    used 17565K, capacity 19519K, committed 20836K, reserved 1048576K
}
Event: 21.373 GC heap before
{Heap before GC invocations=30 (full 0):
 garbage-first heap   total 260096K, used 176007K [0x0000000080000000, 0x0000000100000000)
  region size 1024K, 12 young (12288K), 7 survivors (7168K)
 Metaspace       used 134735K, capacity 139662K, committed 142708K, reserved 1171456K
  class space    used 17581K, capacity 19519K, committed 20836K, reserved 1048576K
}
Event: 21.380 GC heap after
{Heap after GC invocations=31 (full 0):
 garbage-first heap   total 260096K, used 171525K [0x0000000080000000, 0x0000000100000000)
  region size 1024K, 2 young (2048K), 2 survivors (2048K)
 Metaspace       used 134735K, capacity 139662K, committed 142708K, reserved 1171456K
  class space    used 17581K, capacity 19519K, committed 20836K, reserved 1048576K
}
Event: 21.468 GC heap before
{Heap before GC invocations=31 (full 0):
 garbage-first heap   total 260096K, used 202245K [0x0000000080000000, 0x0000000100000000)
  region size 1024K, 33 young (33792K), 2 survivors (2048K)
 Metaspace       used 135663K, capacity 140624K, committed 143604K, reserved 1171456K
  class space    used 17675K, capacity 19627K, committed 20964K, reserved 1048576K
}
Event: 21.478 GC heap after
{Heap after GC invocations=32 (full 0):
 garbage-first heap   total 260096K, used 187256K [0x0000000080000000, 0x0000000100000000)
  region size 1024K, 5 young (5120K), 5 survivors (5120K)
 Metaspace       used 135663K, capacity 140624K, committed 143604K, reserved 1171456K
  class space    used 17675K, capacity 19627K, committed 20964K, reserved 1048576K
}
Event: 21.638 GC heap before
{Heap before GC invocations=32 (full 0):
 garbage-first heap   total 260096K, used 208760K [0x0000000080000000, 0x0000000100000000)
  region size 1024K, 27 young (27648K), 5 survivors (5120K)
 Metaspace       used 136436K, capacity 141497K, committed 144372K, reserved 1173504K
  class space    used 17771K, capacity 19728K, committed 20964K, reserved 1048576K
}
Event: 21.645 GC heap after
{Heap after GC invocations=33 (full 0):
 garbage-first heap   total 260096K, used 192139K [0x0000000080000000, 0x0000000100000000)
  region size 1024K, 4 young (4096K), 4 survivors (4096K)
 Metaspace       used 136436K, capacity 141497K, committed 144372K, reserved 1173504K
  class space    used 17771K, capacity 19728K, committed 20964K, reserved 1048576K
}
Event: 21.773 GC heap before
{Heap before GC invocations=34 (full 0):
 garbage-first heap   total 260096K, used 213643K [0x0000000080000000, 0x0000000100000000)
  region size 1024K, 25 young (25600K), 4 survivors (4096K)
 Metaspace       used 135214K, capacity 139004K, committed 145012K, reserved 1173504K
  class space    used 17257K, capacity 18739K, committed 21092K, reserved 1048576K
}

