# JRE version: OpenJDK Runtime Environment (11.0.15) (build 11.0.15+0-b2043.56-9505619)
# Java VM: OpenJDK 64-Bit Server VM (11.0.15+0-b2043.56-9505619, mixed mode, tiered, compressed oops, g1 gc, windows-amd64)
Heap:
 garbage-first heap   total 399360K, used 226998K [0x0000000080000000, 0x0000000100000000)
  region size 1024K, 6 young (6144K), 6 survivors (6144K)
 Metaspace       used 135711K, capacity 139792K, committed 139944K, reserved 1171456K
  class space    used 17421K, capacity 18915K, committed 19044K, reserved 1048576K
GC Heap History (20 events):
Event: 17.671 GC heap after
{Heap after GC invocations=27 (full 0):
 garbage-first heap   total 260096K, used 156681K [0x0000000080000000, 0x0000000100000000)
  region size 1024K, 3 young (3072K), 3 survivors (3072K)
 Metaspace       used 126303K, capacity 130156K, committed 130344K, reserved 1161216K
  class space    used 16306K, capacity 17813K, committed 17892K, reserved 1048576K
}
Event: 17.852 GC heap before
{Heap before GC invocations=28 (full 0):
 garbage-first heap   total 260096K, used 208905K [0x0000000080000000, 0x0000000100000000)
  region size 1024K, 52 young (53248K), 3 survivors (3072K)
 Metaspace       used 126766K, capacity 130635K, committed 131112K, reserved 1163264K
  class space    used 16323K, capacity 17808K, committed 17892K, reserved 1048576K
}
Event: 17.864 GC heap after
{Heap after GC invocations=29 (full 0):
 garbage-first heap   total 260096K, used 182614K [0x0000000080000000, 0x0000000100000000)
  region size 1024K, 7 young (7168K), 7 survivors (7168K)
 Metaspace       used 126766K, capacity 130635K, committed 131112K, reserved 1163264K
  class space    used 16323K, capacity 17808K, committed 17892K, reserved 1048576K
}
Event: 17.878 GC heap before
{Heap before GC invocations=29 (full 0):
 garbage-first heap   total 260096K, used 187734K [0x0000000080000000, 0x0000000100000000)
  region size 1024K, 12 young (12288K), 7 survivors (7168K)
 Metaspace       used 126918K, capacity 130763K, committed 131112K, reserved 1163264K
  class space    used 16332K, capacity 17808K, committed 17892K, reserved 1048576K
}
Event: 17.884 GC heap after
{Heap after GC invocations=30 (full 0):
 garbage-first heap   total 260096K, used 186220K [0x0000000080000000, 0x0000000100000000)
  region size 1024K, 2 young (2048K), 2 survivors (2048K)
 Metaspace       used 126918K, capacity 130763K, committed 131112K, reserved 1163264K
  class space    used 16332K, capacity 17808K, committed 17892K, reserved 1048576K
}
Event: 18.001 GC heap before
{Heap before GC invocations=30 (full 0):
 garbage-first heap   total 260096K, used 210796K [0x0000000080000000, 0x0000000100000000)
  region size 1024K, 27 young (27648K), 2 survivors (2048K)
 Metaspace       used 127848K, capacity 131685K, committed 132008K, reserved 1163264K
  class space    used 16411K, capacity 17897K, committed 18020K, reserved 1048576K
}
Event: 18.007 GC heap after
{Heap after GC invocations=31 (full 0):
 garbage-first heap   total 260096K, used 193536K [0x0000000080000000, 0x0000000100000000)
  region size 1024K, 4 young (4096K), 4 survivors (4096K)
 Metaspace       used 127848K, capacity 131685K, committed 132008K, reserved 1163264K
  class space    used 16411K, capacity 17897K, committed 18020K, reserved 1048576K
}
Event: 18.135 GC heap before
{Heap before GC invocations=31 (full 0):
 garbage-first heap   total 260096K, used 207872K [0x0000000080000000, 0x0000000100000000)
  region size 1024K, 25 young (25600K), 4 survivors (4096K)
 Metaspace       used 128972K, capacity 133008K, committed 133416K, reserved 1165312K
  class space    used 16504K, capacity 18012K, committed 18148K, reserved 1048576K
}
Event: 18.140 GC heap after
{Heap after GC invocations=32 (full 0):
 garbage-first heap   total 260096K, used 190853K [0x0000000080000000, 0x0000000100000000)
  region size 1024K, 4 young (4096K), 4 survivors (4096K)
 Metaspace       used 128972K, capacity 133008K, committed 133416K, reserved 1165312K
  class space    used 16504K, capacity 18012K, committed 18148K, reserved 1048576K
}
Event: 18.250 GC heap before
{Heap before GC invocations=33 (full 0):
 garbage-first heap   total 260096K, used 214405K [0x0000000080000000, 0x0000000100000000)
  region size 1024K, 27 young (27648K), 4 survivors (4096K)
 Metaspace       used 130206K, capacity 134207K, committed 134440K, reserved 1165312K
  class space    used 16650K, capacity 18133K, committed 18148K, reserved 1048576K
}
Event: 18.255 GC heap after
{Heap after GC invocations=34 (full 0):
 garbage-first heap   total 260096K, used 193312K [0x0000000080000000, 0x0000000100000000)
  region size 1024K, 3 young (3072K), 3 survivors (3072K)
 Metaspace       used 130206K, capacity 134207K, committed 134440K, reserved 1165312K
  class space    used 16650K, capacity 18133K, committed 18148K, reserved 1048576K
}
Event: 18.265 GC heap before
{Heap before GC invocations=34 (full 0):
 garbage-first heap   total 260096K, used 202528K [0x0000000080000000, 0x0000000100000000)
  region size 1024K, 12 young (12288K), 3 survivors (3072K)
 Metaspace       used 130262K, capacity 134303K, committed 134568K, reserved 1165312K
  class space    used 16659K, capacity 18165K, committed 18276K, reserved 1048576K
}
Event: 18.270 GC heap after
{Heap after GC invocations=35 (full 0):
 garbage-first heap   total 312320K, used 186987K [0x0000000080000000, 0x0000000100000000)
  region size 1024K, 1 young (1024K), 1 survivors (1024K)
 Metaspace       used 130262K, capacity 134303K, committed 134568K, reserved 1165312K
  class space    used 16659K, capacity 18165K, committed 18276K, reserved 1048576K
}
Event: 18.499 GC heap before
{Heap before GC invocations=35 (full 0):
 garbage-first heap   total 312320K, used 239211K [0x0000000080000000, 0x0000000100000000)
  region size 1024K, 50 young (51200K), 1 survivors (1024K)
 Metaspace       used 132099K, capacity 136119K, committed 136232K, reserved 1167360K
  class space    used 16875K, capacity 18358K, committed 18404K, reserved 1048576K
}
Event: 18.506 GC heap after
{Heap after GC invocations=36 (full 0):
 garbage-first heap   total 312320K, used 193585K [0x0000000080000000, 0x0000000100000000)
  region size 1024K, 5 young (5120K), 5 survivors (5120K)
 Metaspace       used 132099K, capacity 136119K, committed 136232K, reserved 1167360K
  class space    used 16875K, capacity 18358K, committed 18404K, reserved 1048576K
}
Event: 18.888 GC heap before
{Heap before GC invocations=36 (full 0):
 garbage-first heap   total 312320K, used 257073K [0x0000000080000000, 0x0000000100000000)
  region size 1024K, 54 young (55296K), 5 survivors (5120K)
 Metaspace       used 134019K, capacity 138045K, committed 138280K, reserved 1169408K
  class space    used 17090K, capacity 18592K, committed 18660K, reserved 1048576K
}
Event: 18.894 GC heap after
{Heap after GC invocations=37 (full 0):
 garbage-first heap   total 312320K, used 210176K [0x0000000080000000, 0x0000000100000000)
  region size 1024K, 6 young (6144K), 6 survivors (6144K)
 Metaspace       used 134019K, capacity 138045K, committed 138280K, reserved 1169408K
  class space    used 17090K, capacity 18592K, committed 18660K, reserved 1048576K
}
Event: 19.034 GC heap before
{Heap before GC invocations=37 (full 0):
 garbage-first heap   total 312320K, used 258304K [0x0000000080000000, 0x0000000100000000)
  region size 1024K, 48 young (49152K), 6 survivors (6144K)
 Metaspace       used 135264K, capacity 139340K, committed 139560K, reserved 1169408K
  class space    used 17291K, capacity 18786K, committed 18916K, reserved 1048576K
}
Event: 19.039 GC heap after
{Heap after GC invocations=38 (full 0):
 garbage-first heap   total 312320K, used 220343K [0x0000000080000000, 0x0000000100000000)
  region size 1024K, 6 young (6144K), 6 survivors (6144K)
 Metaspace       used 135264K, capacity 139340K, committed 139560K, reserved 1169408K
  class space    used 17291K, capacity 18786K, committed 18916K, reserved 1048576K
}
Event: 19.101 GC heap before
{Heap before GC invocations=38 (full 0):
 garbage-first heap   total 312320K, used 259255K [0x0000000080000000, 0x0000000100000000)
  region size 1024K, 44 young (45056K), 6 survivors (6144K)
 Metaspace       used 135711K, capacity 139792K, committed 139944K, reserved 1171456K
  class space    used 17421K, capacity 18915K, committed 19044K, reserved 1048576K
}

