# JRE version: OpenJDK Runtime Environment (11.0.15) (build 11.0.15+0-b2043.56-9505619)
# Java VM: OpenJDK 64-Bit Server VM (11.0.15+0-b2043.56-9505619, mixed mode, tiered, compressed oops, g1 gc, windows-amd64)
Heap:
 garbage-first heap   total 315392K, used 217175K [0x0000000080000000, 0x0000000100000000)
  region size 1024K, 53 young (54272K), 2 survivors (2048K)
 Metaspace       used 136757K, capacity 140431K, committed 140668K, reserved 1171456K
  class space    used 17633K, capacity 19002K, committed 19096K, reserved 1048576K
GC Heap History (20 events):
Event: 16.412 GC heap before
{Heap before GC invocations=24 (full 0):
 garbage-first heap   total 262144K, used 210296K [0x0000000080000000, 0x0000000100000000)
  region size 1024K, 12 young (12288K), 3 survivors (3072K)
 Metaspace       used 115803K, capacity 119199K, committed 119932K, reserved 1153024K
  class space    used 14707K, capacity 15977K, committed 16280K, reserved 1048576K
}
Event: 16.418 GC heap after
{Heap after GC invocations=25 (full 0):
 garbage-first heap   total 315392K, used 200448K [0x0000000080000000, 0x0000000100000000)
  region size 1024K, 2 young (2048K), 2 survivors (2048K)
 Metaspace       used 115803K, capacity 119199K, committed 119932K, reserved 1153024K
  class space    used 14707K, capacity 15977K, committed 16280K, reserved 1048576K
}
Event: 16.526 GC heap before
{Heap before GC invocations=25 (full 0):
 garbage-first heap   total 315392K, used 218880K [0x0000000080000000, 0x0000000100000000)
  region size 1024K, 21 young (21504K), 2 survivors (2048K)
 Metaspace       used 116606K, capacity 119974K, committed 120828K, reserved 1155072K
  class space    used 14820K, capacity 16107K, committed 16408K, reserved 1048576K
}
Event: 16.530 GC heap after
{Heap after GC invocations=26 (full 0):
 garbage-first heap   total 315392K, used 202744K [0x0000000080000000, 0x0000000100000000)
  region size 1024K, 4 young (4096K), 4 survivors (4096K)
 Metaspace       used 116606K, capacity 119974K, committed 120828K, reserved 1155072K
  class space    used 14820K, capacity 16107K, committed 16408K, reserved 1048576K
}
Event: 16.762 GC heap before
{Heap before GC invocations=27 (full 0):
 garbage-first heap   total 315392K, used 249848K [0x0000000080000000, 0x0000000100000000)
  region size 1024K, 47 young (48128K), 4 survivors (4096K)
 Metaspace       used 118109K, capacity 121468K, committed 122236K, reserved 1155072K
  class space    used 14987K, capacity 16258K, committed 16536K, reserved 1048576K
}
Event: 16.767 GC heap after
{Heap after GC invocations=28 (full 0):
 garbage-first heap   total 315392K, used 211417K [0x0000000080000000, 0x0000000100000000)
  region size 1024K, 6 young (6144K), 6 survivors (6144K)
 Metaspace       used 118109K, capacity 121468K, committed 122236K, reserved 1155072K
  class space    used 14987K, capacity 16258K, committed 16536K, reserved 1048576K
}
Event: 16.776 GC heap before
{Heap before GC invocations=28 (full 0):
 garbage-first heap   total 315392K, used 220633K [0x0000000080000000, 0x0000000100000000)
  region size 1024K, 15 young (15360K), 6 survivors (6144K)
 Metaspace       used 118169K, capacity 121532K, committed 122236K, reserved 1155072K
  class space    used 14992K, capacity 16258K, committed 16536K, reserved 1048576K
}
Event: 16.780 GC heap after
{Heap after GC invocations=29 (full 0):
 garbage-first heap   total 315392K, used 212007K [0x0000000080000000, 0x0000000100000000)
  region size 1024K, 2 young (2048K), 2 survivors (2048K)
 Metaspace       used 118169K, capacity 121532K, committed 122236K, reserved 1155072K
  class space    used 14992K, capacity 16258K, committed 16536K, reserved 1048576K
}
Event: 16.859 GC heap before
{Heap before GC invocations=29 (full 0):
 garbage-first heap   total 315392K, used 238631K [0x0000000080000000, 0x0000000100000000)
  region size 1024K, 29 young (29696K), 2 survivors (2048K)
 Metaspace       used 118569K, capacity 121952K, committed 122748K, reserved 1155072K
  class space    used 15036K, capacity 16291K, committed 16536K, reserved 1048576K
}
Event: 16.864 GC heap after
{Heap after GC invocations=30 (full 0):
 garbage-first heap   total 315392K, used 215850K [0x0000000080000000, 0x0000000100000000)
  region size 1024K, 6 young (6144K), 6 survivors (6144K)
 Metaspace       used 118569K, capacity 121952K, committed 122748K, reserved 1155072K
  class space    used 15036K, capacity 16291K, committed 16536K, reserved 1048576K
}
Event: 17.091 GC heap before
{Heap before GC invocations=31 (full 0):
 garbage-first heap   total 315392K, used 260906K [0x0000000080000000, 0x0000000100000000)
  region size 1024K, 42 young (43008K), 6 survivors (6144K)
 Metaspace       used 119428K, capacity 122825K, committed 123644K, reserved 1157120K
  class space    used 15122K, capacity 16390K, committed 16664K, reserved 1048576K
}
Event: 17.095 GC heap after
{Heap after GC invocations=32 (full 0):
 garbage-first heap   total 315392K, used 221406K [0x0000000080000000, 0x0000000100000000)
  region size 1024K, 1 young (1024K), 1 survivors (1024K)
 Metaspace       used 119428K, capacity 122825K, committed 123644K, reserved 1157120K
  class space    used 15122K, capacity 16390K, committed 16664K, reserved 1048576K
}
Event: 17.511 GC heap before
{Heap before GC invocations=32 (full 0):
 garbage-first heap   total 315392K, used 257246K [0x0000000080000000, 0x0000000100000000)
  region size 1024K, 37 young (37888K), 1 survivors (1024K)
 Metaspace       used 123084K, capacity 126619K, committed 127100K, reserved 1159168K
  class space    used 15856K, capacity 17167K, committed 17304K, reserved 1048576K
}
Event: 17.515 GC heap after
{Heap after GC invocations=33 (full 0):
 garbage-first heap   total 315392K, used 222454K [0x0000000080000000, 0x0000000100000000)
  region size 1024K, 3 young (3072K), 3 survivors (3072K)
 Metaspace       used 123084K, capacity 126619K, committed 127100K, reserved 1159168K
  class space    used 15856K, capacity 17167K, committed 17304K, reserved 1048576K
}
Event: 17.753 GC heap before
{Heap before GC invocations=34 (full 0):
 garbage-first heap   total 315392K, used 226328K [0x0000000080000000, 0x0000000100000000)
  region size 1024K, 40 young (40960K), 3 survivors (3072K)
 Metaspace       used 127011K, capacity 130565K, committed 130940K, reserved 1163264K
  class space    used 16591K, capacity 17905K, committed 18072K, reserved 1048576K
}
Event: 17.756 GC heap after
{Heap after GC invocations=35 (full 0):
 garbage-first heap   total 315392K, used 190759K [0x0000000080000000, 0x0000000100000000)
  region size 1024K, 4 young (4096K), 4 survivors (4096K)
 Metaspace       used 127011K, capacity 130565K, committed 130940K, reserved 1163264K
  class space    used 16591K, capacity 17905K, committed 18072K, reserved 1048576K
}
Event: 17.808 GC heap before
{Heap before GC invocations=35 (full 0):
 garbage-first heap   total 315392K, used 202023K [0x0000000080000000, 0x0000000100000000)
  region size 1024K, 15 young (15360K), 4 survivors (4096K)
 Metaspace       used 128074K, capacity 131596K, committed 132092K, reserved 1163264K
  class space    used 16719K, capacity 18034K, committed 18200K, reserved 1048576K
}
Event: 17.814 GC heap after
{Heap after GC invocations=36 (full 0):
 garbage-first heap   total 315392K, used 160619K [0x0000000080000000, 0x0000000100000000)
  region size 1024K, 1 young (1024K), 1 survivors (1024K)
 Metaspace       used 128074K, capacity 131596K, committed 132092K, reserved 1163264K
  class space    used 16719K, capacity 18034K, committed 18200K, reserved 1048576K
}
Event: 17.884 GC heap before
{Heap before GC invocations=36 (full 0):
 garbage-first heap   total 315392K, used 173931K [0x0000000080000000, 0x0000000100000000)
  region size 1024K, 15 young (15360K), 1 survivors (1024K)
 Metaspace       used 129618K, capacity 133164K, committed 133500K, reserved 1165312K
  class space    used 16865K, capacity 18194K, committed 18328K, reserved 1048576K
}
Event: 17.894 GC heap after
{Heap after GC invocations=37 (full 0):
 garbage-first heap   total 315392K, used 151639K [0x0000000080000000, 0x0000000100000000)
  region size 1024K, 2 young (2048K), 2 survivors (2048K)
 Metaspace       used 129618K, capacity 133164K, committed 133500K, reserved 1165312K
  class space    used 16865K, capacity 18194K, committed 18328K, reserved 1048576K
}

